[2020-03-26 19:47:31] local.ERROR: syntax error, unexpected '(' {"exception":"[object] (ParseError(code: 0): syntax error, unexpected '(' at C:\\xampp\\htdocs\\simac\\database\\seeds\\UsersTableSeeder.php:15)
[stacktrace]
#0 C:\\xampp\\htdocs\\simac\\vendor\\composer\\ClassLoader.php(322): Composer\\Autoload\\includeFile('C:\\\\xampp\\\\htdocs...')
#1 [internal function]: Composer\\Autoload\\ClassLoader->loadClass('UsersTableSeede...')
#2 [internal function]: spl_autoload_call('UsersTableSeede...')
#3 C:\\xampp\\htdocs\\simac\\vendor\\laravel\\framework\\src\\Illuminate\\Container\\Container.php(807): ReflectionClass->__construct('UsersTableSeede...')
#4 C:\\xampp\\htdocs\\simac\\vendor\\laravel\\framework\\src\\Illuminate\\Container\\Container.php(685): Illuminate\\Container\\Container->build('UsersTableSeede...')
#5 C:\\xampp\\htdocs\\simac\\vendor\\laravel\\framework\\src\\Illuminate\\Foundation\\Application.php(794): Illuminate\\Container\\Container->resolve('UsersTableSeede...', Array, true)
#6 C:\\xampp\\htdocs\\simac\\vendor\\laravel\\framework\\src\\Illuminate\\Container\\Container.php(633): Illuminate\\Foundation\\Application->resolve('UsersTableSeede...', Array)
#7 C:\\xampp\\htdocs\\simac\\vendor\\laravel\\framework\\src\\Illuminate\\Foundation\\Application.php(779): Illuminate\\Container\\Container->make('UsersTableSeede...', Array)
#8 C:\\xampp\\htdocs\\simac\\vendor\\laravel\\framework\\src\\Illuminate\\Database\\Seeder.php(80): Illuminate\\Foundation\\Application->make('UsersTableSeede...')
#9 C:\\xampp\\htdocs\\simac\\vendor\\laravel\\framework\\src\\Illuminate\\Database\\Seeder.php(38): Illuminate\\Database\\Seeder->resolve('UsersTableSeede...')
#10 C:\\xampp\\htdocs\\simac\\database\\seeds\\DatabaseSeeder.php(14): Illuminate\\Database\\Seeder->call('UsersTableSeede...')
#11 [internal function]: DatabaseSeeder->run()
#12 C:\\xampp\\htdocs\\simac\\vendor\\laravel\\framework\\src\\Illuminate\\Container\\BoundMethod.php(32): call_user_func_array(Array, Array)
#13 C:\\xampp\\htdocs\\simac\\vendor\\laravel\\framework\\src\\Illuminate\\Container\\Util.php(36): Illuminate\\Container\\BoundMethod::Illuminate\\Container\\{closure}()
#14 C:\\xampp\\htdocs\\simac\\vendor\\laravel\\framework\\src\\Illuminate\\Container\\BoundMethod.php(90): Illuminate\\Container\\Util::unwrapIfClosure(Object(Closure))
#15 C:\\xampp\\htdocs\\simac\\vendor\\laravel\\framework\\src\\Illuminate\\Container\\BoundMethod.php(34): Illuminate\\Container\\BoundMethod::callBoundMethod(Object(Illuminate\\Foundation\\Application), Array, Object(Closure))
#16 C:\\xampp\\htdocs\\simac\\vendor\\laravel\\framework\\src\\Illuminate\\Container\\Container.php(592): Illuminate\\Container\\BoundMethod::call(Object(Illuminate\\Foundation\\Application), Array, Array, NULL)
#17 C:\\xampp\\htdocs\\simac\\vendor\\laravel\\framework\\src\\Illuminate\\Database\\Seeder.php(134): Illuminate\\Container\\Container->call(Array)
#18 C:\\xampp\\htdocs\\simac\\vendor\\laravel\\framework\\src\\Illuminate\\Database\\Console\\Seeds\\SeedCommand.php(65): Illuminate\\Database\\Seeder->__invoke()
#19 C:\\xampp\\htdocs\\simac\\vendor\\laravel\\framework\\src\\Illuminate\\Database\\Eloquent\\Concerns\\GuardsAttributes.php(122): Illuminate\\Database\\Console\\Seeds\\SeedCommand->Illuminate\\Database\\Console\\Seeds\\{closure}()
#20 C:\\xampp\\htdocs\\simac\\vendor\\laravel\\framework\\src\\Illuminate\\Database\\Console\\Seeds\\SeedCommand.php(66): Illuminate\\Database\\Eloquent\\Model::unguarded(Object(Closure))
#21 [internal function]: Illuminate\\Database\\Console\\Seeds\\SeedCommand->handle()
#22 C:\\xampp\\htdocs\\simac\\vendor\\laravel\\framework\\src\\Illuminate\\Container\\BoundMethod.php(32): call_user_func_array(Array, Array)
#23 C:\\xampp\\htdocs\\simac\\vendor\\laravel\\framework\\src\\Illuminate\\Container\\Util.php(36): Illuminate\\Container\\BoundMethod::Illuminate\\Container\\{closure}()
#24 C:\\xampp\\htdocs\\simac\\vendor\\laravel\\framework\\src\\Illuminate\\Container\\BoundMethod.php(90): Illuminate\\Container\\Util::unwrapIfClosure(Object(Closure))
#25 C:\\xampp\\htdocs\\simac\\vendor\\laravel\\framework\\src\\Illuminate\\Container\\BoundMethod.php(34): Illuminate\\Container\\BoundMethod::callBoundMethod(Object(Illuminate\\Foundation\\Application), Array, Object(Closure))
#26 C:\\xampp\\htdocs\\simac\\vendor\\laravel\\framework\\src\\Illuminate\\Container\\Container.php(592): Illuminate\\Container\\BoundMethod::call(Object(Illuminate\\Foundation\\Application), Array, Array, NULL)
#27 C:\\xampp\\htdocs\\simac\\vendor\\laravel\\framework\\src\\Illuminate\\Console\\Command.php(134): Illuminate\\Container\\Container->call(Array)
#28 C:\\xampp\\htdocs\\simac\\vendor\\symfony\\console\\Command\\Command.php(255): Illuminate\\Console\\Command->execute(Object(Symfony\\Component\\Console\\Input\\ArrayInput), Object(Illuminate\\Console\\OutputStyle))
#29 C:\\xampp\\htdocs\\simac\\vendor\\laravel\\framework\\src\\Illuminate\\Console\\Command.php(121): Symfony\\Component\\Console\\Command\\Command->run(Object(Symfony\\Component\\Console\\Input\\ArrayInput), Object(Illuminate\\Console\\OutputStyle))
#30 C:\\xampp\\htdocs\\simac\\vendor\\laravel\\framework\\src\\Illuminate\\Console\\Concerns\\CallsCommands.php(56): Illuminate\\Console\\Command->run(Object(Symfony\\Component\\Console\\Input\\ArrayInput), Object(Illuminate\\Console\\OutputStyle))
#31 C:\\xampp\\htdocs\\simac\\vendor\\laravel\\framework\\src\\Illuminate\\Console\\Concerns\\CallsCommands.php(28): Illuminate\\Console\\Command->runCommand('db:seed', Array, Object(Illuminate\\Console\\OutputStyle))
#32 C:\\xampp\\htdocs\\simac\\vendor\\laravel\\framework\\src\\Illuminate\\Database\\Console\\Migrations\\FreshCommand.php(81): Illuminate\\Console\\Command->call('db:seed', Array)
#33 C:\\xampp\\htdocs\\simac\\vendor\\laravel\\framework\\src\\Illuminate\\Database\\Console\\Migrations\\FreshCommand.php(56): Illuminate\\Database\\Console\\Migrations\\FreshCommand->runSeeder(NULL)
#34 [internal function]: Illuminate\\Database\\Console\\Migrations\\FreshCommand->handle()
#35 C:\\xampp\\htdocs\\simac\\vendor\\laravel\\framework\\src\\Illuminate\\Container\\BoundMethod.php(32): call_user_func_array(Array, Array)
#36 C:\\xampp\\htdocs\\simac\\vendor\\laravel\\framework\\src\\Illuminate\\Container\\Util.php(36): Illuminate\\Container\\BoundMethod::Illuminate\\Container\\{closure}()
#37 C:\\xampp\\htdocs\\simac\\vendor\\laravel\\framework\\src\\Illuminate\\Container\\BoundMethod.php(90): Illuminate\\Container\\Util::unwrapIfClosure(Object(Closure))
#38 C:\\xampp\\htdocs\\simac\\vendor\\laravel\\framework\\src\\Illuminate\\Container\\BoundMethod.php(34): Illuminate\\Container\\BoundMethod::callBoundMethod(Object(Illuminate\\Foundation\\Application), Array, Object(Closure))
#39 C:\\xampp\\htdocs\\simac\\vendor\\laravel\\framework\\src\\Illuminate\\Container\\Container.php(592): Illuminate\\Container\\BoundMethod::call(Object(Illuminate\\Foundation\\Application), Array, Array, NULL)
#40 C:\\xampp\\htdocs\\simac\\vendor\\laravel\\framework\\src\\Illuminate\\Console\\Command.php(134): Illuminate\\Container\\Container->call(Array)
#41 C:\\xampp\\htdocs\\simac\\vendor\\symfony\\console\\Command\\Command.php(255): Illuminate\\Console\\Command->execute(Object(Symfony\\Component\\Console\\Input\\ArgvInput), Object(Illuminate\\Console\\OutputStyle))
#42 C:\\xampp\\htdocs\\simac\\vendor\\laravel\\framework\\src\\Illuminate\\Console\\Command.php(121): Symfony\\Component\\Console\\Command\\Command->run(Object(Symfony\\Component\\Console\\Input\\ArgvInput), Object(Illuminate\\Console\\OutputStyle))
#43 C:\\xampp\\htdocs\\simac\\vendor\\symfony\\console\\Application.php(912): Illuminate\\Console\\Command->run(Object(Symfony\\Component\\Console\\Input\\ArgvInput), Object(Symfony\\Component\\Console\\Output\\ConsoleOutput))
#44 C:\\xampp\\htdocs\\simac\\vendor\\symfony\\console\\Application.php(264): Symfony\\Component\\Console\\Application->doRunCommand(Object(Illuminate\\Database\\Console\\Migrations\\FreshCommand), Object(Symfony\\Component\\Console\\Input\\ArgvInput), Object(Symfony\\Component\\Console\\Output\\ConsoleOutput))
#45 C:\\xampp\\htdocs\\simac\\vendor\\symfony\\console\\Application.php(140): Symfony\\Component\\Console\\Application->doRun(Object(Symfony\\Component\\Console\\Input\\ArgvInput), Object(Symfony\\Component\\Console\\Output\\ConsoleOutput))
#46 C:\\xampp\\htdocs\\simac\\vendor\\laravel\\framework\\src\\Illuminate\\Console\\Application.php(93): Symfony\\Component\\Console\\Application->run(Object(Symfony\\Component\\Console\\Input\\ArgvInput), Object(Symfony\\Component\\Console\\Output\\ConsoleOutput))
#47 C:\\xampp\\htdocs\\simac\\vendor\\laravel\\framework\\src\\Illuminate\\Foundation\\Console\\Kernel.php(130): Illuminate\\Console\\Application->run(Object(Symfony\\Component\\Console\\Input\\ArgvInput), Object(Symfony\\Component\\Console\\Output\\ConsoleOutput))
#48 C:\\xampp\\htdocs\\simac\\artisan(37): Illuminate\\Foundation\\Console\\Kernel->handle(Object(Symfony\\Component\\Console\\Input\\ArgvInput), Object(Symfony\\Component\\Console\\Output\\ConsoleOutput))
#49 {main}
"} 
[2020-03-26 19:48:18] local.ERROR: syntax error, unexpected '(' {"exception":"[object] (ParseError(code: 0): syntax error, unexpected '(' at C:\\xampp\\htdocs\\simac\\database\\seeds\\UsersTableSeeder.php:15)
[stacktrace]
#0 C:\\xampp\\htdocs\\simac\\vendor\\composer\\ClassLoader.php(322): Composer\\Autoload\\includeFile('C:\\\\xampp\\\\htdocs...')
#1 [internal function]: Composer\\Autoload\\ClassLoader->loadClass('UsersTableSeede...')
#2 [internal function]: spl_autoload_call('UsersTableSeede...')
#3 C:\\xampp\\htdocs\\simac\\vendor\\laravel\\framework\\src\\Illuminate\\Container\\Container.php(807): ReflectionClass->__construct('UsersTableSeede...')
#4 C:\\xampp\\htdocs\\simac\\vendor\\laravel\\framework\\src\\Illuminate\\Container\\Container.php(685): Illuminate\\Container\\Container->build('UsersTableSeede...')
#5 C:\\xampp\\htdocs\\simac\\vendor\\laravel\\framework\\src\\Illuminate\\Foundation\\Application.php(794): Illuminate\\Container\\Container->resolve('UsersTableSeede...', Array, true)
#6 C:\\xampp\\htdocs\\simac\\vendor\\laravel\\framework\\src\\Illuminate\\Container\\Container.php(633): Illuminate\\Foundation\\Application->resolve('UsersTableSeede...', Array)
#7 C:\\xampp\\htdocs\\simac\\vendor\\laravel\\framework\\src\\Illuminate\\Foundation\\Application.php(779): Illuminate\\Container\\Container->make('UsersTableSeede...', Array)
#8 C:\\xampp\\htdocs\\simac\\vendor\\laravel\\framework\\src\\Illuminate\\Database\\Seeder.php(80): Illuminate\\Foundation\\Application->make('UsersTableSeede...')
#9 C:\\xampp\\htdocs\\simac\\vendor\\laravel\\framework\\src\\Illuminate\\Database\\Seeder.php(38): Illuminate\\Database\\Seeder->resolve('UsersTableSeede...')
#10 C:\\xampp\\htdocs\\simac\\database\\seeds\\DatabaseSeeder.php(14): Illuminate\\Database\\Seeder->call('UsersTableSeede...')
#11 [internal function]: DatabaseSeeder->run()
#12 C:\\xampp\\htdocs\\simac\\vendor\\laravel\\framework\\src\\Illuminate\\Container\\BoundMethod.php(32): call_user_func_array(Array, Array)
#13 C:\\xampp\\htdocs\\simac\\vendor\\laravel\\framework\\src\\Illuminate\\Container\\Util.php(36): Illuminate\\Container\\BoundMethod::Illuminate\\Container\\{closure}()
#14 C:\\xampp\\htdocs\\simac\\vendor\\laravel\\framework\\src\\Illuminate\\Container\\BoundMethod.php(90): Illuminate\\Container\\Util::unwrapIfClosure(Object(Closure))
#15 C:\\xampp\\htdocs\\simac\\vendor\\laravel\\framework\\src\\Illuminate\\Container\\BoundMethod.php(34): Illuminate\\Container\\BoundMethod::callBoundMethod(Object(Illuminate\\Foundation\\Application), Array, Object(Closure))
#16 C:\\xampp\\htdocs\\simac\\vendor\\laravel\\framework\\src\\Illuminate\\Container\\Container.php(592): Illuminate\\Container\\BoundMethod::call(Object(Illuminate\\Foundation\\Application), Array, Array, NULL)
#17 C:\\xampp\\htdocs\\simac\\vendor\\laravel\\framework\\src\\Illuminate\\Database\\Seeder.php(134): Illuminate\\Container\\Container->call(Array)
#18 C:\\xampp\\htdocs\\simac\\vendor\\laravel\\framework\\src\\Illuminate\\Database\\Console\\Seeds\\SeedCommand.php(65): Illuminate\\Database\\Seeder->__invoke()
#19 C:\\xampp\\htdocs\\simac\\vendor\\laravel\\framework\\src\\Illuminate\\Database\\Eloquent\\Concerns\\GuardsAttributes.php(122): Illuminate\\Database\\Console\\Seeds\\SeedCommand->Illuminate\\Database\\Console\\Seeds\\{closure}()
#20 C:\\xampp\\htdocs\\simac\\vendor\\laravel\\framework\\src\\Illuminate\\Database\\Console\\Seeds\\SeedCommand.php(66): Illuminate\\Database\\Eloquent\\Model::unguarded(Object(Closure))
#21 [internal function]: Illuminate\\Database\\Console\\Seeds\\SeedCommand->handle()
#22 C:\\xampp\\htdocs\\simac\\vendor\\laravel\\framework\\src\\Illuminate\\Container\\BoundMethod.php(32): call_user_func_array(Array, Array)
#23 C:\\xampp\\htdocs\\simac\\vendor\\laravel\\framework\\src\\Illuminate\\Container\\Util.php(36): Illuminate\\Container\\BoundMethod::Illuminate\\Container\\{closure}()
#24 C:\\xampp\\htdocs\\simac\\vendor\\laravel\\framework\\src\\Illuminate\\Container\\BoundMethod.php(90): Illuminate\\Container\\Util::unwrapIfClosure(Object(Closure))
#25 C:\\xampp\\htdocs\\simac\\vendor\\laravel\\framework\\src\\Illuminate\\Container\\BoundMethod.php(34): Illuminate\\Container\\BoundMethod::callBoundMethod(Object(Illuminate\\Foundation\\Application), Array, Object(Closure))
#26 C:\\xampp\\htdocs\\simac\\vendor\\laravel\\framework\\src\\Illuminate\\Container\\Container.php(592): Illuminate\\Container\\BoundMethod::call(Object(Illuminate\\Foundation\\Application), Array, Array, NULL)
#27 C:\\xampp\\htdocs\\simac\\vendor\\laravel\\framework\\src\\Illuminate\\Console\\Command.php(134): Illuminate\\Container\\Container->call(Array)
#28 C:\\xampp\\htdocs\\simac\\vendor\\symfony\\console\\Command\\Command.php(255): Illuminate\\Console\\Command->execute(Object(Symfony\\Component\\Console\\Input\\ArgvInput), Object(Illuminate\\Console\\OutputStyle))
#29 C:\\xampp\\htdocs\\simac\\vendor\\laravel\\framework\\src\\Illuminate\\Console\\Command.php(121): Symfony\\Component\\Console\\Command\\Command->run(Object(Symfony\\Component\\Console\\Input\\ArgvInput), Object(Illuminate\\Console\\OutputStyle))
#30 C:\\xampp\\htdocs\\simac\\vendor\\symfony\\console\\Application.php(912): Illuminate\\Console\\Command->run(Object(Symfony\\Component\\Console\\Input\\ArgvInput), Object(Symfony\\Component\\Console\\Output\\ConsoleOutput))
#31 C:\\xampp\\htdocs\\simac\\vendor\\symfony\\console\\Application.php(264): Symfony\\Component\\Console\\Application->doRunCommand(Object(Illuminate\\Database\\Console\\Seeds\\SeedCommand), Object(Symfony\\Component\\Console\\Input\\ArgvInput), Object(Symfony\\Component\\Console\\Output\\ConsoleOutput))
#32 C:\\xampp\\htdocs\\simac\\vendor\\symfony\\console\\Application.php(140): Symfony\\Component\\Console\\Application->doRun(Object(Symfony\\Component\\Console\\Input\\ArgvInput), Object(Symfony\\Component\\Console\\Output\\ConsoleOutput))
#33 C:\\xampp\\htdocs\\simac\\vendor\\laravel\\framework\\src\\Illuminate\\Console\\Application.php(93): Symfony\\Component\\Console\\Application->run(Object(Symfony\\Component\\Console\\Input\\ArgvInput), Object(Symfony\\Component\\Console\\Output\\ConsoleOutput))
#34 C:\\xampp\\htdocs\\simac\\vendor\\laravel\\framework\\src\\Illuminate\\Foundation\\Console\\Kernel.php(130): Illuminate\\Console\\Application->run(Object(Symfony\\Component\\Console\\Input\\ArgvInput), Object(Symfony\\Component\\Console\\Output\\ConsoleOutput))
#35 C:\\xampp\\htdocs\\simac\\artisan(37): Illuminate\\Foundation\\Console\\Kernel->handle(Object(Symfony\\Component\\Console\\Input\\ArgvInput), Object(Symfony\\Component\\Console\\Output\\ConsoleOutput))
#36 {main}
"} 
[2020-03-26 19:48:26] local.ERROR: syntax error, unexpected '(' {"exception":"[object] (ParseError(code: 0): syntax error, unexpected '(' at C:\\xampp\\htdocs\\simac\\database\\seeds\\UsersTableSeeder.php:15)
[stacktrace]
#0 C:\\xampp\\htdocs\\simac\\vendor\\composer\\ClassLoader.php(322): Composer\\Autoload\\includeFile('C:\\\\xampp\\\\htdocs...')
#1 [internal function]: Composer\\Autoload\\ClassLoader->loadClass('UsersTableSeede...')
#2 [internal function]: spl_autoload_call('UsersTableSeede...')
#3 C:\\xampp\\htdocs\\simac\\vendor\\laravel\\framework\\src\\Illuminate\\Container\\Container.php(807): ReflectionClass->__construct('UsersTableSeede...')
#4 C:\\xampp\\htdocs\\simac\\vendor\\laravel\\framework\\src\\Illuminate\\Container\\Container.php(685): Illuminate\\Container\\Container->build('UsersTableSeede...')
#5 C:\\xampp\\htdocs\\simac\\vendor\\laravel\\framework\\src\\Illuminate\\Foundation\\Application.php(794): Illuminate\\Container\\Container->resolve('UsersTableSeede...', Array, true)
#6 C:\\xampp\\htdocs\\simac\\vendor\\laravel\\framework\\src\\Illuminate\\Container\\Container.php(633): Illuminate\\Foundation\\Application->resolve('UsersTableSeede...', Array)
#7 C:\\xampp\\htdocs\\simac\\vendor\\laravel\\framework\\src\\Illuminate\\Foundation\\Application.php(779): Illuminate\\Container\\Container->make('UsersTableSeede...', Array)
#8 C:\\xampp\\htdocs\\simac\\vendor\\laravel\\framework\\src\\Illuminate\\Database\\Seeder.php(80): Illuminate\\Foundation\\Application->make('UsersTableSeede...')
#9 C:\\xampp\\htdocs\\simac\\vendor\\laravel\\framework\\src\\Illuminate\\Database\\Seeder.php(38): Illuminate\\Database\\Seeder->resolve('UsersTableSeede...')
#10 C:\\xampp\\htdocs\\simac\\database\\seeds\\DatabaseSeeder.php(14): Illuminate\\Database\\Seeder->call('UsersTableSeede...')
#11 [internal function]: DatabaseSeeder->run()
#12 C:\\xampp\\htdocs\\simac\\vendor\\laravel\\framework\\src\\Illuminate\\Container\\BoundMethod.php(32): call_user_func_array(Array, Array)
#13 C:\\xampp\\htdocs\\simac\\vendor\\laravel\\framework\\src\\Illuminate\\Container\\Util.php(36): Illuminate\\Container\\BoundMethod::Illuminate\\Container\\{closure}()
#14 C:\\xampp\\htdocs\\simac\\vendor\\laravel\\framework\\src\\Illuminate\\Container\\BoundMethod.php(90): Illuminate\\Container\\Util::unwrapIfClosure(Object(Closure))
#15 C:\\xampp\\htdocs\\simac\\vendor\\laravel\\framework\\src\\Illuminate\\Container\\BoundMethod.php(34): Illuminate\\Container\\BoundMethod::callBoundMethod(Object(Illuminate\\Foundation\\Application), Array, Object(Closure))
#16 C:\\xampp\\htdocs\\simac\\vendor\\laravel\\framework\\src\\Illuminate\\Container\\Container.php(592): Illuminate\\Container\\BoundMethod::call(Object(Illuminate\\Foundation\\Application), Array, Array, NULL)
#17 C:\\xampp\\htdocs\\simac\\vendor\\laravel\\framework\\src\\Illuminate\\Database\\Seeder.php(134): Illuminate\\Container\\Container->call(Array)
#18 C:\\xampp\\htdocs\\simac\\vendor\\laravel\\framework\\src\\Illuminate\\Database\\Console\\Seeds\\SeedCommand.php(65): Illuminate\\Database\\Seeder->__invoke()
#19 C:\\xampp\\htdocs\\simac\\vendor\\laravel\\framework\\src\\Illuminate\\Database\\Eloquent\\Concerns\\GuardsAttributes.php(122): Illuminate\\Database\\Console\\Seeds\\SeedCommand->Illuminate\\Database\\Console\\Seeds\\{closure}()
#20 C:\\xampp\\htdocs\\simac\\vendor\\laravel\\framework\\src\\Illuminate\\Database\\Console\\Seeds\\SeedCommand.php(66): Illuminate\\Database\\Eloquent\\Model::unguarded(Object(Closure))
#21 [internal function]: Illuminate\\Database\\Console\\Seeds\\SeedCommand->handle()
#22 C:\\xampp\\htdocs\\simac\\vendor\\laravel\\framework\\src\\Illuminate\\Container\\BoundMethod.php(32): call_user_func_array(Array, Array)
#23 C:\\xampp\\htdocs\\simac\\vendor\\laravel\\framework\\src\\Illuminate\\Container\\Util.php(36): Illuminate\\Container\\BoundMethod::Illuminate\\Container\\{closure}()
#24 C:\\xampp\\htdocs\\simac\\vendor\\laravel\\framework\\src\\Illuminate\\Container\\BoundMethod.php(90): Illuminate\\Container\\Util::unwrapIfClosure(Object(Closure))
#25 C:\\xampp\\htdocs\\simac\\vendor\\laravel\\framework\\src\\Illuminate\\Container\\BoundMethod.php(34): Illuminate\\Container\\BoundMethod::callBoundMethod(Object(Illuminate\\Foundation\\Application), Array, Object(Closure))
#26 C:\\xampp\\htdocs\\simac\\vendor\\laravel\\framework\\src\\Illuminate\\Container\\Container.php(592): Illuminate\\Container\\BoundMethod::call(Object(Illuminate\\Foundation\\Application), Array, Array, NULL)
#27 C:\\xampp\\htdocs\\simac\\vendor\\laravel\\framework\\src\\Illuminate\\Console\\Command.php(134): Illuminate\\Container\\Container->call(Array)
#28 C:\\xampp\\htdocs\\simac\\vendor\\symfony\\console\\Command\\Command.php(255): Illuminate\\Console\\Command->execute(Object(Symfony\\Component\\Console\\Input\\ArgvInput), Object(Illuminate\\Console\\OutputStyle))
#29 C:\\xampp\\htdocs\\simac\\vendor\\laravel\\framework\\src\\Illuminate\\Console\\Command.php(121): Symfony\\Component\\Console\\Command\\Command->run(Object(Symfony\\Component\\Console\\Input\\ArgvInput), Object(Illuminate\\Console\\OutputStyle))
#30 C:\\xampp\\htdocs\\simac\\vendor\\symfony\\console\\Application.php(912): Illuminate\\Console\\Command->run(Object(Symfony\\Component\\Console\\Input\\ArgvInput), Object(Symfony\\Component\\Console\\Output\\ConsoleOutput))
#31 C:\\xampp\\htdocs\\simac\\vendor\\symfony\\console\\Application.php(264): Symfony\\Component\\Console\\Application->doRunCommand(Object(Illuminate\\Database\\Console\\Seeds\\SeedCommand), Object(Symfony\\Component\\Console\\Input\\ArgvInput), Object(Symfony\\Component\\Console\\Output\\ConsoleOutput))
#32 C:\\xampp\\htdocs\\simac\\vendor\\symfony\\console\\Application.php(140): Symfony\\Component\\Console\\Application->doRun(Object(Symfony\\Component\\Console\\Input\\ArgvInput), Object(Symfony\\Component\\Console\\Output\\ConsoleOutput))
#33 C:\\xampp\\htdocs\\simac\\vendor\\laravel\\framework\\src\\Illuminate\\Console\\Application.php(93): Symfony\\Component\\Console\\Application->run(Object(Symfony\\Component\\Console\\Input\\ArgvInput), Object(Symfony\\Component\\Console\\Output\\ConsoleOutput))
#34 C:\\xampp\\htdocs\\simac\\vendor\\laravel\\framework\\src\\Illuminate\\Foundation\\Console\\Kernel.php(130): Illuminate\\Console\\Application->run(Object(Symfony\\Component\\Console\\Input\\ArgvInput), Object(Symfony\\Component\\Console\\Output\\ConsoleOutput))
#35 C:\\xampp\\htdocs\\simac\\artisan(37): Illuminate\\Foundation\\Console\\Kernel->handle(Object(Symfony\\Component\\Console\\Input\\ArgvInput), Object(Symfony\\Component\\Console\\Output\\ConsoleOutput))
#36 {main}
"} 
[2020-03-26 19:48:41] local.ERROR: syntax error, unexpected '(' {"exception":"[object] (ParseError(code: 0): syntax error, unexpected '(' at C:\\xampp\\htdocs\\simac\\database\\seeds\\UsersTableSeeder.php:15)
[stacktrace]
#0 C:\\xampp\\htdocs\\simac\\vendor\\composer\\ClassLoader.php(322): Composer\\Autoload\\includeFile('C:\\\\xampp\\\\htdocs...')
#1 [internal function]: Composer\\Autoload\\ClassLoader->loadClass('UsersTableSeede...')
#2 [internal function]: spl_autoload_call('UsersTableSeede...')
#3 C:\\xampp\\htdocs\\simac\\vendor\\laravel\\framework\\src\\Illuminate\\Container\\Container.php(807): ReflectionClass->__construct('UsersTableSeede...')
#4 C:\\xampp\\htdocs\\simac\\vendor\\laravel\\framework\\src\\Illuminate\\Container\\Container.php(685): Illuminate\\Container\\Container->build('UsersTableSeede...')
#5 C:\\xampp\\htdocs\\simac\\vendor\\laravel\\framework\\src\\Illuminate\\Foundation\\Application.php(794): Illuminate\\Container\\Container->resolve('UsersTableSeede...', Array, true)
#6 C:\\xampp\\htdocs\\simac\\vendor\\laravel\\framework\\src\\Illuminate\\Container\\Container.php(633): Illuminate\\Foundation\\Application->resolve('UsersTableSeede...', Array)
#7 C:\\xampp\\htdocs\\simac\\vendor\\laravel\\framework\\src\\Illuminate\\Foundation\\Application.php(779): Illuminate\\Container\\Container->make('UsersTableSeede...', Array)
#8 C:\\xampp\\htdocs\\simac\\vendor\\laravel\\framework\\src\\Illuminate\\Database\\Seeder.php(80): Illuminate\\Foundation\\Application->make('UsersTableSeede...')
#9 C:\\xampp\\htdocs\\simac\\vendor\\laravel\\framework\\src\\Illuminate\\Database\\Seeder.php(38): Illuminate\\Database\\Seeder->resolve('UsersTableSeede...')
#10 C:\\xampp\\htdocs\\simac\\database\\seeds\\DatabaseSeeder.php(14): Illuminate\\Database\\Seeder->call('UsersTableSeede...')
#11 [internal function]: DatabaseSeeder->run()
#12 C:\\xampp\\htdocs\\simac\\vendor\\laravel\\framework\\src\\Illuminate\\Container\\BoundMethod.php(32): call_user_func_array(Array, Array)
#13 C:\\xampp\\htdocs\\simac\\vendor\\laravel\\framework\\src\\Illuminate\\Container\\Util.php(36): Illuminate\\Container\\BoundMethod::Illuminate\\Container\\{closure}()
#14 C:\\xampp\\htdocs\\simac\\vendor\\laravel\\framework\\src\\Illuminate\\Container\\BoundMethod.php(90): Illuminate\\Container\\Util::unwrapIfClosure(Object(Closure))
#15 C:\\xampp\\htdocs\\simac\\vendor\\laravel\\framework\\src\\Illuminate\\Container\\BoundMethod.php(34): Illuminate\\Container\\BoundMethod::callBoundMethod(Object(Illuminate\\Foundation\\Application), Array, Object(Closure))
#16 C:\\xampp\\htdocs\\simac\\vendor\\laravel\\framework\\src\\Illuminate\\Container\\Container.php(592): Illuminate\\Container\\BoundMethod::call(Object(Illuminate\\Foundation\\Application), Array, Array, NULL)
#17 C:\\xampp\\htdocs\\simac\\vendor\\laravel\\framework\\src\\Illuminate\\Database\\Seeder.php(134): Illuminate\\Container\\Container->call(Array)
#18 C:\\xampp\\htdocs\\simac\\vendor\\laravel\\framework\\src\\Illuminate\\Database\\Console\\Seeds\\SeedCommand.php(65): Illuminate\\Database\\Seeder->__invoke()
#19 C:\\xampp\\htdocs\\simac\\vendor\\laravel\\framework\\src\\Illuminate\\Database\\Eloquent\\Concerns\\GuardsAttributes.php(122): Illuminate\\Database\\Console\\Seeds\\SeedCommand->Illuminate\\Database\\Console\\Seeds\\{closure}()
#20 C:\\xampp\\htdocs\\simac\\vendor\\laravel\\framework\\src\\Illuminate\\Database\\Console\\Seeds\\SeedCommand.php(66): Illuminate\\Database\\Eloquent\\Model::unguarded(Object(Closure))
#21 [internal function]: Illuminate\\Database\\Console\\Seeds\\SeedCommand->handle()
#22 C:\\xampp\\htdocs\\simac\\vendor\\laravel\\framework\\src\\Illuminate\\Container\\BoundMethod.php(32): call_user_func_array(Array, Array)
#23 C:\\xampp\\htdocs\\simac\\vendor\\laravel\\framework\\src\\Illuminate\\Container\\Util.php(36): Illuminate\\Container\\BoundMethod::Illuminate\\Container\\{closure}()
#24 C:\\xampp\\htdocs\\simac\\vendor\\laravel\\framework\\src\\Illuminate\\Container\\BoundMethod.php(90): Illuminate\\Container\\Util::unwrapIfClosure(Object(Closure))
#25 C:\\xampp\\htdocs\\simac\\vendor\\laravel\\framework\\src\\Illuminate\\Container\\BoundMethod.php(34): Illuminate\\Container\\BoundMethod::callBoundMethod(Object(Illuminate\\Foundation\\Application), Array, Object(Closure))
#26 C:\\xampp\\htdocs\\simac\\vendor\\laravel\\framework\\src\\Illuminate\\Container\\Container.php(592): Illuminate\\Container\\BoundMethod::call(Object(Illuminate\\Foundation\\Application), Array, Array, NULL)
#27 C:\\xampp\\htdocs\\simac\\vendor\\laravel\\framework\\src\\Illuminate\\Console\\Command.php(134): Illuminate\\Container\\Container->call(Array)
#28 C:\\xampp\\htdocs\\simac\\vendor\\symfony\\console\\Command\\Command.php(255): Illuminate\\Console\\Command->execute(Object(Symfony\\Component\\Console\\Input\\ArgvInput), Object(Illuminate\\Console\\OutputStyle))
#29 C:\\xampp\\htdocs\\simac\\vendor\\laravel\\framework\\src\\Illuminate\\Console\\Command.php(121): Symfony\\Component\\Console\\Command\\Command->run(Object(Symfony\\Component\\Console\\Input\\ArgvInput), Object(Illuminate\\Console\\OutputStyle))
#30 C:\\xampp\\htdocs\\simac\\vendor\\symfony\\console\\Application.php(912): Illuminate\\Console\\Command->run(Object(Symfony\\Component\\Console\\Input\\ArgvInput), Object(Symfony\\Component\\Console\\Output\\ConsoleOutput))
#31 C:\\xampp\\htdocs\\simac\\vendor\\symfony\\console\\Application.php(264): Symfony\\Component\\Console\\Application->doRunCommand(Object(Illuminate\\Database\\Console\\Seeds\\SeedCommand), Object(Symfony\\Component\\Console\\Input\\ArgvInput), Object(Symfony\\Component\\Console\\Output\\ConsoleOutput))
#32 C:\\xampp\\htdocs\\simac\\vendor\\symfony\\console\\Application.php(140): Symfony\\Component\\Console\\Application->doRun(Object(Symfony\\Component\\Console\\Input\\ArgvInput), Object(Symfony\\Component\\Console\\Output\\ConsoleOutput))
#33 C:\\xampp\\htdocs\\simac\\vendor\\laravel\\framework\\src\\Illuminate\\Console\\Application.php(93): Symfony\\Component\\Console\\Application->run(Object(Symfony\\Component\\Console\\Input\\ArgvInput), Object(Symfony\\Component\\Console\\Output\\ConsoleOutput))
#34 C:\\xampp\\htdocs\\simac\\vendor\\laravel\\framework\\src\\Illuminate\\Foundation\\Console\\Kernel.php(130): Illuminate\\Console\\Application->run(Object(Symfony\\Component\\Console\\Input\\ArgvInput), Object(Symfony\\Component\\Console\\Output\\ConsoleOutput))
#35 C:\\xampp\\htdocs\\simac\\artisan(37): Illuminate\\Foundation\\Console\\Kernel->handle(Object(Symfony\\Component\\Console\\Input\\ArgvInput), Object(Symfony\\Component\\Console\\Output\\ConsoleOutput))
#36 {main}
"} 
[2020-03-26 19:55:41] local.ERROR: Command "make:auth" is not defined.

Did you mean one of these?
    make:channel
    make:command
    make:component
    make:controller
    make:event
    make:exception
    make:factory
    make:job
    make:listener
    make:mail
    make:middleware
    make:migration
    make:model
    make:notification
    make:observer
    make:policy
    make:provider
    make:request
    make:resource
    make:rule
    make:seeder
    make:test {"exception":"[object] (Symfony\\Component\\Console\\Exception\\CommandNotFoundException(code: 0): Command \"make:auth\" is not defined.

Did you mean one of these?
    make:channel
    make:command
    make:component
    make:controller
    make:event
    make:exception
    make:factory
    make:job
    make:listener
    make:mail
    make:middleware
    make:migration
    make:model
    make:notification
    make:observer
    make:policy
    make:provider
    make:request
    make:resource
    make:rule
    make:seeder
    make:test at C:\\xampp\\htdocs\\simac\\vendor\\symfony\\console\\Application.php:644)
[stacktrace]
#0 C:\\xampp\\htdocs\\simac\\vendor\\symfony\\console\\Application.php(228): Symfony\\Component\\Console\\Application->find('make:auth')
#1 C:\\xampp\\htdocs\\simac\\vendor\\symfony\\console\\Application.php(140): Symfony\\Component\\Console\\Application->doRun(Object(Symfony\\Component\\Console\\Input\\ArgvInput), Object(Symfony\\Component\\Console\\Output\\ConsoleOutput))
#2 C:\\xampp\\htdocs\\simac\\vendor\\laravel\\framework\\src\\Illuminate\\Console\\Application.php(93): Symfony\\Component\\Console\\Application->run(Object(Symfony\\Component\\Console\\Input\\ArgvInput), Object(Symfony\\Component\\Console\\Output\\ConsoleOutput))
#3 C:\\xampp\\htdocs\\simac\\vendor\\laravel\\framework\\src\\Illuminate\\Foundation\\Console\\Kernel.php(130): Illuminate\\Console\\Application->run(Object(Symfony\\Component\\Console\\Input\\ArgvInput), Object(Symfony\\Component\\Console\\Output\\ConsoleOutput))
#4 C:\\xampp\\htdocs\\simac\\artisan(37): Illuminate\\Foundation\\Console\\Kernel->handle(Object(Symfony\\Component\\Console\\Input\\ArgvInput), Object(Symfony\\Component\\Console\\Output\\ConsoleOutput))
#5 {main}
"} 
